{"D:\\school\\se2_year4\\SQA\\temp\\ecomAPI\\src\\controllers\\receiptController.js": {"path":"D:\\school\\se2_year4\\SQA\\temp\\ecomAPI\\src\\controllers\\receiptController.js","statementMap":{"0":{"start":{"line":3,"column":23},"end":{"line":14,"column":1}},"1":{"start":{"line":4,"column":4},"end":{"line":13,"column":5}},"2":{"start":{"line":5,"column":19},"end":{"line":5,"column":66}},"3":{"start":{"line":6,"column":8},"end":{"line":6,"column":42}},"4":{"start":{"line":8,"column":8},"end":{"line":8,"column":26}},"5":{"start":{"line":9,"column":8},"end":{"line":12,"column":10}},"6":{"start":{"line":15,"column":27},"end":{"line":26,"column":1}},"7":{"start":{"line":16,"column":4},"end":{"line":25,"column":5}},"8":{"start":{"line":17,"column":19},"end":{"line":17,"column":74}},"9":{"start":{"line":18,"column":8},"end":{"line":18,"column":42}},"10":{"start":{"line":20,"column":8},"end":{"line":20,"column":26}},"11":{"start":{"line":21,"column":8},"end":{"line":24,"column":10}},"12":{"start":{"line":27,"column":20},"end":{"line":38,"column":1}},"13":{"start":{"line":28,"column":4},"end":{"line":37,"column":5}},"14":{"start":{"line":29,"column":19},"end":{"line":29,"column":64}},"15":{"start":{"line":30,"column":8},"end":{"line":30,"column":42}},"16":{"start":{"line":32,"column":8},"end":{"line":32,"column":26}},"17":{"start":{"line":33,"column":8},"end":{"line":36,"column":10}},"18":{"start":{"line":39,"column":20},"end":{"line":50,"column":1}},"19":{"start":{"line":40,"column":4},"end":{"line":49,"column":5}},"20":{"start":{"line":41,"column":19},"end":{"line":41,"column":63}},"21":{"start":{"line":42,"column":8},"end":{"line":42,"column":42}},"22":{"start":{"line":44,"column":8},"end":{"line":44,"column":26}},"23":{"start":{"line":45,"column":8},"end":{"line":48,"column":10}},"24":{"start":{"line":51,"column":20},"end":{"line":62,"column":1}},"25":{"start":{"line":52,"column":4},"end":{"line":61,"column":5}},"26":{"start":{"line":53,"column":19},"end":{"line":53,"column":63}},"27":{"start":{"line":54,"column":8},"end":{"line":54,"column":42}},"28":{"start":{"line":56,"column":8},"end":{"line":56,"column":26}},"29":{"start":{"line":57,"column":8},"end":{"line":60,"column":10}},"30":{"start":{"line":63,"column":29},"end":{"line":74,"column":1}},"31":{"start":{"line":64,"column":4},"end":{"line":73,"column":5}},"32":{"start":{"line":65,"column":19},"end":{"line":65,"column":72}},"33":{"start":{"line":66,"column":8},"end":{"line":66,"column":42}},"34":{"start":{"line":68,"column":8},"end":{"line":68,"column":26}},"35":{"start":{"line":69,"column":8},"end":{"line":72,"column":10}},"36":{"start":{"line":75,"column":0},"end":{"line":82,"column":1}}},"fnMap":{"0":{"name":"(anonymous_0)","decl":{"start":{"line":3,"column":23},"end":{"line":3,"column":24}},"loc":{"start":{"line":3,"column":43},"end":{"line":14,"column":1}},"line":3},"1":{"name":"(anonymous_1)","decl":{"start":{"line":15,"column":27},"end":{"line":15,"column":28}},"loc":{"start":{"line":15,"column":47},"end":{"line":26,"column":1}},"line":15},"2":{"name":"(anonymous_2)","decl":{"start":{"line":27,"column":20},"end":{"line":27,"column":21}},"loc":{"start":{"line":27,"column":40},"end":{"line":38,"column":1}},"line":27},"3":{"name":"(anonymous_3)","decl":{"start":{"line":39,"column":20},"end":{"line":39,"column":21}},"loc":{"start":{"line":39,"column":40},"end":{"line":50,"column":1}},"line":39},"4":{"name":"(anonymous_4)","decl":{"start":{"line":51,"column":20},"end":{"line":51,"column":21}},"loc":{"start":{"line":51,"column":40},"end":{"line":62,"column":1}},"line":51},"5":{"name":"(anonymous_5)","decl":{"start":{"line":63,"column":29},"end":{"line":63,"column":30}},"loc":{"start":{"line":63,"column":49},"end":{"line":74,"column":1}},"line":63}},"branchMap":{},"s":{"0":1,"1":2,"2":2,"3":1,"4":1,"5":1,"6":1,"7":2,"8":2,"9":1,"10":1,"11":1,"12":1,"13":2,"14":2,"15":1,"16":1,"17":1,"18":1,"19":2,"20":2,"21":1,"22":1,"23":1,"24":1,"25":2,"26":2,"27":1,"28":1,"29":1,"30":1,"31":2,"32":2,"33":1,"34":1,"35":1,"36":1},"f":{"0":2,"1":2,"2":2,"3":2,"4":2,"5":2},"b":{},"_coverageSchema":"1a1c01bbd47fc00a2c39e90264f33305004495a9","hash":"f6a888a615203c81d2f14f27b29d8e6ea222c776"}
,"D:\\school\\se2_year4\\SQA\\temp\\ecomAPI\\src\\controllers\\supplierController.js": {"path":"D:\\school\\se2_year4\\SQA\\temp\\ecomAPI\\src\\controllers\\supplierController.js","statementMap":{"0":{"start":{"line":3,"column":24},"end":{"line":14,"column":1}},"1":{"start":{"line":4,"column":4},"end":{"line":13,"column":5}},"2":{"start":{"line":5,"column":19},"end":{"line":5,"column":68}},"3":{"start":{"line":6,"column":8},"end":{"line":6,"column":42}},"4":{"start":{"line":8,"column":8},"end":{"line":8,"column":26}},"5":{"start":{"line":9,"column":8},"end":{"line":12,"column":10}},"6":{"start":{"line":15,"column":28},"end":{"line":26,"column":1}},"7":{"start":{"line":16,"column":4},"end":{"line":25,"column":5}},"8":{"start":{"line":17,"column":19},"end":{"line":17,"column":76}},"9":{"start":{"line":18,"column":8},"end":{"line":18,"column":42}},"10":{"start":{"line":20,"column":8},"end":{"line":20,"column":26}},"11":{"start":{"line":21,"column":8},"end":{"line":24,"column":10}},"12":{"start":{"line":27,"column":21},"end":{"line":38,"column":1}},"13":{"start":{"line":28,"column":4},"end":{"line":37,"column":5}},"14":{"start":{"line":29,"column":19},"end":{"line":29,"column":66}},"15":{"start":{"line":30,"column":8},"end":{"line":30,"column":42}},"16":{"start":{"line":32,"column":8},"end":{"line":32,"column":26}},"17":{"start":{"line":33,"column":8},"end":{"line":36,"column":10}},"18":{"start":{"line":39,"column":21},"end":{"line":50,"column":1}},"19":{"start":{"line":40,"column":4},"end":{"line":49,"column":5}},"20":{"start":{"line":41,"column":19},"end":{"line":41,"column":65}},"21":{"start":{"line":42,"column":8},"end":{"line":42,"column":42}},"22":{"start":{"line":44,"column":8},"end":{"line":44,"column":26}},"23":{"start":{"line":45,"column":8},"end":{"line":48,"column":10}},"24":{"start":{"line":51,"column":21},"end":{"line":62,"column":1}},"25":{"start":{"line":52,"column":4},"end":{"line":61,"column":5}},"26":{"start":{"line":53,"column":19},"end":{"line":53,"column":65}},"27":{"start":{"line":54,"column":8},"end":{"line":54,"column":42}},"28":{"start":{"line":56,"column":8},"end":{"line":56,"column":26}},"29":{"start":{"line":57,"column":8},"end":{"line":60,"column":10}},"30":{"start":{"line":63,"column":0},"end":{"line":69,"column":1}}},"fnMap":{"0":{"name":"(anonymous_0)","decl":{"start":{"line":3,"column":24},"end":{"line":3,"column":25}},"loc":{"start":{"line":3,"column":44},"end":{"line":14,"column":1}},"line":3},"1":{"name":"(anonymous_1)","decl":{"start":{"line":15,"column":28},"end":{"line":15,"column":29}},"loc":{"start":{"line":15,"column":48},"end":{"line":26,"column":1}},"line":15},"2":{"name":"(anonymous_2)","decl":{"start":{"line":27,"column":21},"end":{"line":27,"column":22}},"loc":{"start":{"line":27,"column":41},"end":{"line":38,"column":1}},"line":27},"3":{"name":"(anonymous_3)","decl":{"start":{"line":39,"column":21},"end":{"line":39,"column":22}},"loc":{"start":{"line":39,"column":41},"end":{"line":50,"column":1}},"line":39},"4":{"name":"(anonymous_4)","decl":{"start":{"line":51,"column":21},"end":{"line":51,"column":22}},"loc":{"start":{"line":51,"column":41},"end":{"line":62,"column":1}},"line":51}},"branchMap":{},"s":{"0":1,"1":2,"2":2,"3":1,"4":1,"5":1,"6":1,"7":2,"8":2,"9":1,"10":1,"11":1,"12":1,"13":2,"14":2,"15":1,"16":1,"17":1,"18":1,"19":2,"20":2,"21":1,"22":1,"23":1,"24":1,"25":2,"26":2,"27":1,"28":1,"29":1,"30":1},"f":{"0":2,"1":2,"2":2,"3":2,"4":2},"b":{},"_coverageSchema":"1a1c01bbd47fc00a2c39e90264f33305004495a9","hash":"5c5450192879a7bf2f99386b04c68e5961d859ce"}
,"D:\\school\\se2_year4\\SQA\\temp\\ecomAPI\\src\\models\\AddressUser.js": {"path":"D:\\school\\se2_year4\\SQA\\temp\\ecomAPI\\src\\models\\AddressUser.js","statementMap":{"0":{"start":{"line":4,"column":4},"end":{"line":4,"column":24}},"1":{"start":{"line":5,"column":0},"end":{"line":27,"column":2}},"2":{"start":{"line":16,"column":4},"end":{"line":25,"column":7}},"3":{"start":{"line":26,"column":4},"end":{"line":26,"column":23}}},"fnMap":{"0":{"name":"(anonymous_0)","decl":{"start":{"line":5,"column":17},"end":{"line":5,"column":18}},"loc":{"start":{"line":5,"column":43},"end":{"line":27,"column":1}},"line":5},"1":{"name":"(anonymous_1)","decl":{"start":{"line":12,"column":8},"end":{"line":12,"column":9}},"loc":{"start":{"line":12,"column":33},"end":{"line":14,"column":9}},"line":12}},"branchMap":{},"s":{"0":4,"1":4,"2":4,"3":4},"f":{"0":4,"1":4},"b":{},"_coverageSchema":"1a1c01bbd47fc00a2c39e90264f33305004495a9","hash":"da4d578567d18afbf5063a193905dcdf081abd74"}
,"D:\\school\\se2_year4\\SQA\\temp\\ecomAPI\\src\\models\\Message.js": {"path":"D:\\school\\se2_year4\\SQA\\temp\\ecomAPI\\src\\models\\Message.js","statementMap":{"0":{"start":{"line":4,"column":4},"end":{"line":4,"column":24}},"1":{"start":{"line":5,"column":0},"end":{"line":28,"column":2}},"2":{"start":{"line":17,"column":4},"end":{"line":26,"column":7}},"3":{"start":{"line":27,"column":4},"end":{"line":27,"column":19}}},"fnMap":{"0":{"name":"(anonymous_0)","decl":{"start":{"line":5,"column":17},"end":{"line":5,"column":18}},"loc":{"start":{"line":5,"column":43},"end":{"line":28,"column":1}},"line":5},"1":{"name":"(anonymous_1)","decl":{"start":{"line":12,"column":8},"end":{"line":12,"column":9}},"loc":{"start":{"line":12,"column":33},"end":{"line":15,"column":9}},"line":12}},"branchMap":{},"s":{"0":4,"1":4,"2":4,"3":4},"f":{"0":4,"1":4},"b":{},"_coverageSchema":"1a1c01bbd47fc00a2c39e90264f33305004495a9","hash":"bd1e8cabe3ef26a207521a2ba890ab39694d1638"}
,"D:\\school\\se2_year4\\SQA\\temp\\ecomAPI\\src\\models\\ProductDetail.js": {"path":"D:\\school\\se2_year4\\SQA\\temp\\ecomAPI\\src\\models\\ProductDetail.js","statementMap":{"0":{"start":{"line":5,"column":4},"end":{"line":5,"column":24}},"1":{"start":{"line":6,"column":0},"end":{"line":29,"column":2}},"2":{"start":{"line":14,"column":12},"end":{"line":14,"column":122}},"3":{"start":{"line":15,"column":12},"end":{"line":15,"column":113}},"4":{"start":{"line":18,"column":4},"end":{"line":27,"column":7}},"5":{"start":{"line":28,"column":4},"end":{"line":28,"column":25}}},"fnMap":{"0":{"name":"(anonymous_0)","decl":{"start":{"line":6,"column":17},"end":{"line":6,"column":18}},"loc":{"start":{"line":6,"column":43},"end":{"line":29,"column":1}},"line":6},"1":{"name":"(anonymous_1)","decl":{"start":{"line":13,"column":8},"end":{"line":13,"column":9}},"loc":{"start":{"line":13,"column":33},"end":{"line":16,"column":9}},"line":13}},"branchMap":{},"s":{"0":4,"1":4,"2":4,"3":4,"4":4,"5":4},"f":{"0":4,"1":4},"b":{},"_coverageSchema":"1a1c01bbd47fc00a2c39e90264f33305004495a9","hash":"9ea7b7e982a11f3c1a365db0946c0dcf39d483a1"}
,"D:\\school\\se2_year4\\SQA\\temp\\ecomAPI\\src\\models\\ProductImage.js": {"path":"D:\\school\\se2_year4\\SQA\\temp\\ecomAPI\\src\\models\\ProductImage.js","statementMap":{"0":{"start":{"line":5,"column":4},"end":{"line":5,"column":24}},"1":{"start":{"line":6,"column":0},"end":{"line":26,"column":2}},"2":{"start":{"line":14,"column":12},"end":{"line":14,"column":132}},"3":{"start":{"line":17,"column":4},"end":{"line":24,"column":7}},"4":{"start":{"line":25,"column":4},"end":{"line":25,"column":24}}},"fnMap":{"0":{"name":"(anonymous_0)","decl":{"start":{"line":6,"column":17},"end":{"line":6,"column":18}},"loc":{"start":{"line":6,"column":43},"end":{"line":26,"column":1}},"line":6},"1":{"name":"(anonymous_1)","decl":{"start":{"line":13,"column":8},"end":{"line":13,"column":9}},"loc":{"start":{"line":13,"column":33},"end":{"line":15,"column":9}},"line":13}},"branchMap":{},"s":{"0":4,"1":4,"2":4,"3":4,"4":4},"f":{"0":4,"1":4},"b":{},"_coverageSchema":"1a1c01bbd47fc00a2c39e90264f33305004495a9","hash":"27ef51b301d2fd98ce30f98420c77d1cddd1f283"}
,"D:\\school\\se2_year4\\SQA\\temp\\ecomAPI\\src\\models\\Receipt.js": {"path":"D:\\school\\se2_year4\\SQA\\temp\\ecomAPI\\src\\models\\Receipt.js","statementMap":{"0":{"start":{"line":4,"column":4},"end":{"line":4,"column":24}},"1":{"start":{"line":5,"column":0},"end":{"line":26,"column":2}},"2":{"start":{"line":17,"column":4},"end":{"line":24,"column":7}},"3":{"start":{"line":25,"column":4},"end":{"line":25,"column":19}}},"fnMap":{"0":{"name":"(anonymous_0)","decl":{"start":{"line":5,"column":17},"end":{"line":5,"column":18}},"loc":{"start":{"line":5,"column":43},"end":{"line":26,"column":1}},"line":5},"1":{"name":"(anonymous_1)","decl":{"start":{"line":12,"column":8},"end":{"line":12,"column":9}},"loc":{"start":{"line":12,"column":33},"end":{"line":15,"column":9}},"line":12}},"branchMap":{},"s":{"0":4,"1":4,"2":4,"3":4},"f":{"0":4,"1":4},"b":{},"_coverageSchema":"1a1c01bbd47fc00a2c39e90264f33305004495a9","hash":"d4661636cf3fdeba22b883706a4cce74b559bdd2"}
,"D:\\school\\se2_year4\\SQA\\temp\\ecomAPI\\src\\models\\ReceiptDetail.js": {"path":"D:\\school\\se2_year4\\SQA\\temp\\ecomAPI\\src\\models\\ReceiptDetail.js","statementMap":{"0":{"start":{"line":4,"column":4},"end":{"line":4,"column":24}},"1":{"start":{"line":5,"column":0},"end":{"line":27,"column":2}},"2":{"start":{"line":17,"column":4},"end":{"line":25,"column":7}},"3":{"start":{"line":26,"column":4},"end":{"line":26,"column":25}}},"fnMap":{"0":{"name":"(anonymous_0)","decl":{"start":{"line":5,"column":17},"end":{"line":5,"column":18}},"loc":{"start":{"line":5,"column":43},"end":{"line":27,"column":1}},"line":5},"1":{"name":"(anonymous_1)","decl":{"start":{"line":12,"column":8},"end":{"line":12,"column":9}},"loc":{"start":{"line":12,"column":33},"end":{"line":15,"column":9}},"line":12}},"branchMap":{},"s":{"0":4,"1":4,"2":4,"3":4},"f":{"0":4,"1":4},"b":{},"_coverageSchema":"1a1c01bbd47fc00a2c39e90264f33305004495a9","hash":"3c833d553213cc55776c97f916c13185fcc15e4c"}
,"D:\\school\\se2_year4\\SQA\\temp\\ecomAPI\\src\\models\\RoomMessage.js": {"path":"D:\\school\\se2_year4\\SQA\\temp\\ecomAPI\\src\\models\\RoomMessage.js","statementMap":{"0":{"start":{"line":4,"column":4},"end":{"line":4,"column":24}},"1":{"start":{"line":5,"column":0},"end":{"line":25,"column":2}},"2":{"start":{"line":17,"column":4},"end":{"line":23,"column":7}},"3":{"start":{"line":24,"column":4},"end":{"line":24,"column":23}}},"fnMap":{"0":{"name":"(anonymous_0)","decl":{"start":{"line":5,"column":17},"end":{"line":5,"column":18}},"loc":{"start":{"line":5,"column":43},"end":{"line":25,"column":1}},"line":5},"1":{"name":"(anonymous_1)","decl":{"start":{"line":12,"column":8},"end":{"line":12,"column":9}},"loc":{"start":{"line":12,"column":33},"end":{"line":15,"column":9}},"line":12}},"branchMap":{},"s":{"0":4,"1":4,"2":4,"3":4},"f":{"0":4,"1":4},"b":{},"_coverageSchema":"1a1c01bbd47fc00a2c39e90264f33305004495a9","hash":"bc881e77beb775daa2482b45cd20789060017f34"}
,"D:\\school\\se2_year4\\SQA\\temp\\ecomAPI\\src\\models\\Supplier.js": {"path":"D:\\school\\se2_year4\\SQA\\temp\\ecomAPI\\src\\models\\Supplier.js","statementMap":{"0":{"start":{"line":4,"column":4},"end":{"line":4,"column":24}},"1":{"start":{"line":5,"column":0},"end":{"line":27,"column":2}},"2":{"start":{"line":17,"column":4},"end":{"line":25,"column":7}},"3":{"start":{"line":26,"column":4},"end":{"line":26,"column":20}}},"fnMap":{"0":{"name":"(anonymous_0)","decl":{"start":{"line":5,"column":17},"end":{"line":5,"column":18}},"loc":{"start":{"line":5,"column":43},"end":{"line":27,"column":1}},"line":5},"1":{"name":"(anonymous_1)","decl":{"start":{"line":12,"column":8},"end":{"line":12,"column":9}},"loc":{"start":{"line":12,"column":33},"end":{"line":15,"column":9}},"line":12}},"branchMap":{},"s":{"0":4,"1":4,"2":4,"3":4},"f":{"0":4,"1":4},"b":{},"_coverageSchema":"1a1c01bbd47fc00a2c39e90264f33305004495a9","hash":"e7f81905c1658fed29b9dafdabcc1eafa52f4284"}
,"D:\\school\\se2_year4\\SQA\\temp\\ecomAPI\\src\\models\\allcode.js": {"path":"D:\\school\\se2_year4\\SQA\\temp\\ecomAPI\\src\\models\\allcode.js","statementMap":{"0":{"start":{"line":4,"column":4},"end":{"line":4,"column":24}},"1":{"start":{"line":5,"column":0},"end":{"line":34,"column":2}},"2":{"start":{"line":13,"column":12},"end":{"line":13,"column":86}},"3":{"start":{"line":14,"column":12},"end":{"line":14,"column":82}},"4":{"start":{"line":15,"column":12},"end":{"line":15,"column":93}},"5":{"start":{"line":16,"column":12},"end":{"line":16,"column":87}},"6":{"start":{"line":17,"column":12},"end":{"line":17,"column":89}},"7":{"start":{"line":18,"column":12},"end":{"line":18,"column":88}},"8":{"start":{"line":19,"column":12},"end":{"line":19,"column":101}},"9":{"start":{"line":20,"column":12},"end":{"line":20,"column":95}},"10":{"start":{"line":21,"column":12},"end":{"line":21,"column":99}},"11":{"start":{"line":25,"column":4},"end":{"line":32,"column":7}},"12":{"start":{"line":33,"column":4},"end":{"line":33,"column":19}}},"fnMap":{"0":{"name":"(anonymous_0)","decl":{"start":{"line":5,"column":17},"end":{"line":5,"column":18}},"loc":{"start":{"line":5,"column":43},"end":{"line":34,"column":1}},"line":5},"1":{"name":"(anonymous_1)","decl":{"start":{"line":12,"column":8},"end":{"line":12,"column":9}},"loc":{"start":{"line":12,"column":33},"end":{"line":23,"column":9}},"line":12}},"branchMap":{},"s":{"0":4,"1":4,"2":4,"3":4,"4":4,"5":4,"6":4,"7":4,"8":4,"9":4,"10":4,"11":4,"12":4},"f":{"0":4,"1":4},"b":{},"_coverageSchema":"1a1c01bbd47fc00a2c39e90264f33305004495a9","hash":"a524add5e378052a7a63f2de6c4b8c3554baea25"}
,"D:\\school\\se2_year4\\SQA\\temp\\ecomAPI\\src\\models\\banner.js": {"path":"D:\\school\\se2_year4\\SQA\\temp\\ecomAPI\\src\\models\\banner.js","statementMap":{"0":{"start":{"line":4,"column":4},"end":{"line":4,"column":24}},"1":{"start":{"line":5,"column":0},"end":{"line":26,"column":2}},"2":{"start":{"line":16,"column":4},"end":{"line":24,"column":7}},"3":{"start":{"line":25,"column":4},"end":{"line":25,"column":18}}},"fnMap":{"0":{"name":"(anonymous_0)","decl":{"start":{"line":5,"column":17},"end":{"line":5,"column":18}},"loc":{"start":{"line":5,"column":43},"end":{"line":26,"column":1}},"line":5},"1":{"name":"(anonymous_1)","decl":{"start":{"line":12,"column":8},"end":{"line":12,"column":9}},"loc":{"start":{"line":12,"column":33},"end":{"line":14,"column":9}},"line":12}},"branchMap":{},"s":{"0":4,"1":4,"2":4,"3":4},"f":{"0":4,"1":4},"b":{},"_coverageSchema":"1a1c01bbd47fc00a2c39e90264f33305004495a9","hash":"a8c9599e36eb2617479f920ab0073bd78f916e7a"}
,"D:\\school\\se2_year4\\SQA\\temp\\ecomAPI\\src\\models\\blog.js": {"path":"D:\\school\\se2_year4\\SQA\\temp\\ecomAPI\\src\\models\\blog.js","statementMap":{"0":{"start":{"line":4,"column":4},"end":{"line":4,"column":24}},"1":{"start":{"line":5,"column":0},"end":{"line":31,"column":2}},"2":{"start":{"line":13,"column":12},"end":{"line":13,"column":109}},"3":{"start":{"line":16,"column":4},"end":{"line":29,"column":7}},"4":{"start":{"line":30,"column":4},"end":{"line":30,"column":16}}},"fnMap":{"0":{"name":"(anonymous_0)","decl":{"start":{"line":5,"column":17},"end":{"line":5,"column":18}},"loc":{"start":{"line":5,"column":43},"end":{"line":31,"column":1}},"line":5},"1":{"name":"(anonymous_1)","decl":{"start":{"line":12,"column":8},"end":{"line":12,"column":9}},"loc":{"start":{"line":12,"column":33},"end":{"line":14,"column":9}},"line":12}},"branchMap":{},"s":{"0":4,"1":4,"2":4,"3":4,"4":4},"f":{"0":4,"1":4},"b":{},"_coverageSchema":"1a1c01bbd47fc00a2c39e90264f33305004495a9","hash":"55113710dd5709ea6effe96046cb9640fbf3cd45"}
,"D:\\school\\se2_year4\\SQA\\temp\\ecomAPI\\src\\models\\comment.js": {"path":"D:\\school\\se2_year4\\SQA\\temp\\ecomAPI\\src\\models\\comment.js","statementMap":{"0":{"start":{"line":2,"column":18},"end":{"line":2,"column":38}},"1":{"start":{"line":3,"column":0},"end":{"line":22,"column":2}},"2":{"start":{"line":9,"column":4},"end":{"line":20,"column":7}},"3":{"start":{"line":21,"column":4},"end":{"line":21,"column":19}}},"fnMap":{"0":{"name":"(anonymous_0)","decl":{"start":{"line":3,"column":17},"end":{"line":3,"column":18}},"loc":{"start":{"line":3,"column":43},"end":{"line":22,"column":1}},"line":3},"1":{"name":"(anonymous_1)","decl":{"start":{"line":5,"column":8},"end":{"line":5,"column":9}},"loc":{"start":{"line":5,"column":33},"end":{"line":7,"column":9}},"line":5}},"branchMap":{},"s":{"0":4,"1":4,"2":4,"3":4},"f":{"0":4,"1":4},"b":{},"_coverageSchema":"1a1c01bbd47fc00a2c39e90264f33305004495a9","hash":"929940e0e293b5b2337e73015d9aee5272e62630"}
,"D:\\school\\se2_year4\\SQA\\temp\\ecomAPI\\src\\models\\index.js": {"path":"D:\\school\\se2_year4\\SQA\\temp\\ecomAPI\\src\\models\\index.js","statementMap":{"0":{"start":{"line":2,"column":0},"end":{"line":2,"column":27}},"1":{"start":{"line":3,"column":11},"end":{"line":3,"column":24}},"2":{"start":{"line":4,"column":13},"end":{"line":4,"column":28}},"3":{"start":{"line":5,"column":18},"end":{"line":5,"column":38}},"4":{"start":{"line":6,"column":16},"end":{"line":6,"column":34}},"5":{"start":{"line":7,"column":17},"end":{"line":7,"column":42}},"6":{"start":{"line":8,"column":12},"end":{"line":8,"column":49}},"7":{"start":{"line":9,"column":11},"end":{"line":9,"column":13}},"8":{"start":{"line":12,"column":24},"end":{"line":30,"column":1}},"9":{"start":{"line":31,"column":0},"end":{"line":36,"column":2}},"10":{"start":{"line":44,"column":0},"end":{"line":59,"column":7}},"11":{"start":{"line":46,"column":8},"end":{"line":51,"column":10}},"12":{"start":{"line":54,"column":22},"end":{"line":57,"column":9}},"13":{"start":{"line":58,"column":8},"end":{"line":58,"column":31}},"14":{"start":{"line":61,"column":0},"end":{"line":65,"column":3}},"15":{"start":{"line":62,"column":4},"end":{"line":64,"column":5}},"16":{"start":{"line":63,"column":8},"end":{"line":63,"column":36}},"17":{"start":{"line":67,"column":0},"end":{"line":67,"column":25}},"18":{"start":{"line":68,"column":0},"end":{"line":68,"column":25}},"19":{"start":{"line":70,"column":0},"end":{"line":70,"column":20}}},"fnMap":{"0":{"name":"(anonymous_0)","decl":{"start":{"line":45,"column":12},"end":{"line":45,"column":13}},"loc":{"start":{"line":45,"column":22},"end":{"line":52,"column":5}},"line":45},"1":{"name":"(anonymous_1)","decl":{"start":{"line":53,"column":13},"end":{"line":53,"column":14}},"loc":{"start":{"line":53,"column":23},"end":{"line":59,"column":5}},"line":53},"2":{"name":"(anonymous_2)","decl":{"start":{"line":61,"column":24},"end":{"line":61,"column":25}},"loc":{"start":{"line":61,"column":39},"end":{"line":65,"column":1}},"line":61}},"branchMap":{"0":{"loc":{"start":{"line":8,"column":12},"end":{"line":8,"column":49}},"type":"binary-expr","locations":[{"start":{"line":8,"column":12},"end":{"line":8,"column":32}},{"start":{"line":8,"column":36},"end":{"line":8,"column":49}}],"line":8},"1":{"loc":{"start":{"line":18,"column":8},"end":{"line":25,"column":16}},"type":"cond-expr","locations":[{"start":{"line":19,"column":14},"end":{"line":24,"column":15}},{"start":{"line":25,"column":14},"end":{"line":25,"column":16}}],"line":18},"2":{"loc":{"start":{"line":47,"column":12},"end":{"line":50,"column":43}},"type":"binary-expr","locations":[{"start":{"line":47,"column":12},"end":{"line":47,"column":35}},{"start":{"line":48,"column":12},"end":{"line":48,"column":29}},{"start":{"line":49,"column":12},"end":{"line":49,"column":36}},{"start":{"line":50,"column":12},"end":{"line":50,"column":43}}],"line":47},"3":{"loc":{"start":{"line":62,"column":4},"end":{"line":64,"column":5}},"type":"if","locations":[{"start":{"line":62,"column":4},"end":{"line":64,"column":5}},{"start":{},"end":{}}],"line":62}},"s":{"0":4,"1":4,"2":4,"3":4,"4":4,"5":4,"6":4,"7":4,"8":4,"9":4,"10":4,"11":104,"12":100,"13":100,"14":4,"15":100,"16":100,"17":4,"18":4,"19":4},"f":{"0":104,"1":100,"2":100},"b":{"0":[4,0],"1":[0,4],"2":[104,104,100,100],"3":[100,0]},"_coverageSchema":"1a1c01bbd47fc00a2c39e90264f33305004495a9","hash":"bc3efd3a9f99117f6a22c18c3ab9f6a14609bb40"}
,"D:\\school\\se2_year4\\SQA\\temp\\ecomAPI\\src\\models\\interaction.js": {"path":"D:\\school\\se2_year4\\SQA\\temp\\ecomAPI\\src\\models\\interaction.js","statementMap":{"0":{"start":{"line":2,"column":18},"end":{"line":2,"column":38}},"1":{"start":{"line":4,"column":0},"end":{"line":53,"column":2}},"2":{"start":{"line":7,"column":12},"end":{"line":7,"column":89}},"3":{"start":{"line":8,"column":12},"end":{"line":8,"column":98}},"4":{"start":{"line":10,"column":12},"end":{"line":10,"column":117}},"5":{"start":{"line":14,"column":4},"end":{"line":50,"column":6}},"6":{"start":{"line":52,"column":4},"end":{"line":52,"column":23}}},"fnMap":{"0":{"name":"(anonymous_0)","decl":{"start":{"line":4,"column":17},"end":{"line":4,"column":18}},"loc":{"start":{"line":4,"column":43},"end":{"line":53,"column":1}},"line":4},"1":{"name":"(anonymous_1)","decl":{"start":{"line":6,"column":8},"end":{"line":6,"column":9}},"loc":{"start":{"line":6,"column":33},"end":{"line":11,"column":9}},"line":6}},"branchMap":{},"s":{"0":4,"1":4,"2":4,"3":4,"4":4,"5":4,"6":4},"f":{"0":4,"1":4},"b":{},"_coverageSchema":"1a1c01bbd47fc00a2c39e90264f33305004495a9","hash":"5e54d5da009c26cc75c588951411108bf8864929"}
,"D:\\school\\se2_year4\\SQA\\temp\\ecomAPI\\src\\models\\modelrun.js": {"path":"D:\\school\\se2_year4\\SQA\\temp\\ecomAPI\\src\\models\\modelrun.js","statementMap":{"0":{"start":{"line":2,"column":0},"end":{"line":19,"column":2}},"1":{"start":{"line":3,"column":19},"end":{"line":14,"column":4}},"2":{"start":{"line":15,"column":2},"end":{"line":17,"column":4}},"3":{"start":{"line":16,"column":4},"end":{"line":16,"column":74}},"4":{"start":{"line":18,"column":2},"end":{"line":18,"column":18}}},"fnMap":{"0":{"name":"(anonymous_0)","decl":{"start":{"line":2,"column":17},"end":{"line":2,"column":18}},"loc":{"start":{"line":2,"column":43},"end":{"line":19,"column":1}},"line":2},"1":{"name":"(anonymous_1)","decl":{"start":{"line":15,"column":23},"end":{"line":15,"column":24}},"loc":{"start":{"line":15,"column":40},"end":{"line":17,"column":3}},"line":15}},"branchMap":{},"s":{"0":4,"1":4,"2":4,"3":4,"4":4},"f":{"0":4,"1":4},"b":{},"_coverageSchema":"1a1c01bbd47fc00a2c39e90264f33305004495a9","hash":"b98fcf8793bc67774071143d3ecd158a07f08aa4"}
,"D:\\school\\se2_year4\\SQA\\temp\\ecomAPI\\src\\models\\orderdetail.js": {"path":"D:\\school\\se2_year4\\SQA\\temp\\ecomAPI\\src\\models\\orderdetail.js","statementMap":{"0":{"start":{"line":4,"column":4},"end":{"line":4,"column":24}},"1":{"start":{"line":5,"column":0},"end":{"line":26,"column":2}},"2":{"start":{"line":16,"column":4},"end":{"line":24,"column":7}},"3":{"start":{"line":25,"column":4},"end":{"line":25,"column":23}}},"fnMap":{"0":{"name":"(anonymous_0)","decl":{"start":{"line":5,"column":17},"end":{"line":5,"column":18}},"loc":{"start":{"line":5,"column":43},"end":{"line":26,"column":1}},"line":5},"1":{"name":"(anonymous_1)","decl":{"start":{"line":12,"column":8},"end":{"line":12,"column":9}},"loc":{"start":{"line":12,"column":33},"end":{"line":14,"column":9}},"line":12}},"branchMap":{},"s":{"0":4,"1":4,"2":4,"3":4},"f":{"0":4,"1":4},"b":{},"_coverageSchema":"1a1c01bbd47fc00a2c39e90264f33305004495a9","hash":"522e6c9a846d4a59db1e2fbf1a1aa05fc302be41"}
,"D:\\school\\se2_year4\\SQA\\temp\\ecomAPI\\src\\models\\orderproduct.js": {"path":"D:\\school\\se2_year4\\SQA\\temp\\ecomAPI\\src\\models\\orderproduct.js","statementMap":{"0":{"start":{"line":4,"column":4},"end":{"line":4,"column":24}},"1":{"start":{"line":5,"column":0},"end":{"line":33,"column":2}},"2":{"start":{"line":13,"column":12},"end":{"line":13,"column":118}},"3":{"start":{"line":14,"column":12},"end":{"line":14,"column":115}},"4":{"start":{"line":15,"column":12},"end":{"line":15,"column":120}},"5":{"start":{"line":18,"column":4},"end":{"line":31,"column":7}},"6":{"start":{"line":32,"column":4},"end":{"line":32,"column":24}}},"fnMap":{"0":{"name":"(anonymous_0)","decl":{"start":{"line":5,"column":17},"end":{"line":5,"column":18}},"loc":{"start":{"line":5,"column":43},"end":{"line":33,"column":1}},"line":5},"1":{"name":"(anonymous_1)","decl":{"start":{"line":12,"column":8},"end":{"line":12,"column":9}},"loc":{"start":{"line":12,"column":33},"end":{"line":16,"column":9}},"line":12}},"branchMap":{},"s":{"0":4,"1":4,"2":4,"3":4,"4":4,"5":4,"6":4},"f":{"0":4,"1":4},"b":{},"_coverageSchema":"1a1c01bbd47fc00a2c39e90264f33305004495a9","hash":"e93be2908ef0e51d70d1b038e0ee76c8d00c3560"}
,"D:\\school\\se2_year4\\SQA\\temp\\ecomAPI\\src\\models\\product.js": {"path":"D:\\school\\se2_year4\\SQA\\temp\\ecomAPI\\src\\models\\product.js","statementMap":{"0":{"start":{"line":5,"column":4},"end":{"line":5,"column":24}},"1":{"start":{"line":6,"column":0},"end":{"line":32,"column":2}},"2":{"start":{"line":10,"column":12},"end":{"line":10,"column":114}},"3":{"start":{"line":11,"column":12},"end":{"line":11,"column":108}},"4":{"start":{"line":12,"column":12},"end":{"line":12,"column":110}},"5":{"start":{"line":13,"column":12},"end":{"line":13,"column":103}},"6":{"start":{"line":16,"column":4},"end":{"line":30,"column":7}},"7":{"start":{"line":31,"column":4},"end":{"line":31,"column":19}}},"fnMap":{"0":{"name":"(anonymous_0)","decl":{"start":{"line":6,"column":17},"end":{"line":6,"column":18}},"loc":{"start":{"line":6,"column":43},"end":{"line":32,"column":1}},"line":6},"1":{"name":"(anonymous_1)","decl":{"start":{"line":9,"column":8},"end":{"line":9,"column":9}},"loc":{"start":{"line":9,"column":33},"end":{"line":14,"column":9}},"line":9}},"branchMap":{},"s":{"0":4,"1":4,"2":4,"3":4,"4":4,"5":4,"6":4,"7":4},"f":{"0":4,"1":4},"b":{},"_coverageSchema":"1a1c01bbd47fc00a2c39e90264f33305004495a9","hash":"a497304b7bd493dc2219bb25a10a0383bb16338f"}
,"D:\\school\\se2_year4\\SQA\\temp\\ecomAPI\\src\\models\\productDetailSize.js": {"path":"D:\\school\\se2_year4\\SQA\\temp\\ecomAPI\\src\\models\\productDetailSize.js","statementMap":{"0":{"start":{"line":5,"column":4},"end":{"line":5,"column":24}},"1":{"start":{"line":6,"column":0},"end":{"line":24,"column":2}},"2":{"start":{"line":9,"column":12},"end":{"line":9,"column":116}},"3":{"start":{"line":12,"column":4},"end":{"line":22,"column":7}},"4":{"start":{"line":23,"column":4},"end":{"line":23,"column":29}}},"fnMap":{"0":{"name":"(anonymous_0)","decl":{"start":{"line":6,"column":17},"end":{"line":6,"column":18}},"loc":{"start":{"line":6,"column":43},"end":{"line":24,"column":1}},"line":6},"1":{"name":"(anonymous_1)","decl":{"start":{"line":8,"column":8},"end":{"line":8,"column":9}},"loc":{"start":{"line":8,"column":33},"end":{"line":10,"column":9}},"line":8}},"branchMap":{},"s":{"0":4,"1":4,"2":4,"3":4,"4":4},"f":{"0":4,"1":4},"b":{},"_coverageSchema":"1a1c01bbd47fc00a2c39e90264f33305004495a9","hash":"76e46bb743631f4db885e54ae240045f8ef6f619"}
,"D:\\school\\se2_year4\\SQA\\temp\\ecomAPI\\src\\models\\recommendation.js": {"path":"D:\\school\\se2_year4\\SQA\\temp\\ecomAPI\\src\\models\\recommendation.js","statementMap":{"0":{"start":{"line":2,"column":0},"end":{"line":21,"column":2}},"1":{"start":{"line":3,"column":25},"end":{"line":15,"column":4}},"2":{"start":{"line":16,"column":2},"end":{"line":19,"column":4}},"3":{"start":{"line":17,"column":4},"end":{"line":17,"column":80}},"4":{"start":{"line":18,"column":4},"end":{"line":18,"column":89}},"5":{"start":{"line":20,"column":2},"end":{"line":20,"column":24}}},"fnMap":{"0":{"name":"(anonymous_0)","decl":{"start":{"line":2,"column":17},"end":{"line":2,"column":18}},"loc":{"start":{"line":2,"column":43},"end":{"line":21,"column":1}},"line":2},"1":{"name":"(anonymous_1)","decl":{"start":{"line":16,"column":29},"end":{"line":16,"column":30}},"loc":{"start":{"line":16,"column":46},"end":{"line":19,"column":3}},"line":16}},"branchMap":{},"s":{"0":4,"1":4,"2":4,"3":4,"4":4,"5":4},"f":{"0":4,"1":4},"b":{},"_coverageSchema":"1a1c01bbd47fc00a2c39e90264f33305004495a9","hash":"727376d020f3552e22b3aad4be58e3eeee106d35"}
,"D:\\school\\se2_year4\\SQA\\temp\\ecomAPI\\src\\models\\shopcart.js": {"path":"D:\\school\\se2_year4\\SQA\\temp\\ecomAPI\\src\\models\\shopcart.js","statementMap":{"0":{"start":{"line":4,"column":4},"end":{"line":4,"column":24}},"1":{"start":{"line":5,"column":0},"end":{"line":26,"column":2}},"2":{"start":{"line":16,"column":4},"end":{"line":24,"column":7}},"3":{"start":{"line":25,"column":4},"end":{"line":25,"column":20}}},"fnMap":{"0":{"name":"(anonymous_0)","decl":{"start":{"line":5,"column":17},"end":{"line":5,"column":18}},"loc":{"start":{"line":5,"column":43},"end":{"line":26,"column":1}},"line":5},"1":{"name":"(anonymous_1)","decl":{"start":{"line":12,"column":8},"end":{"line":12,"column":9}},"loc":{"start":{"line":12,"column":33},"end":{"line":14,"column":9}},"line":12}},"branchMap":{},"s":{"0":4,"1":4,"2":4,"3":4},"f":{"0":4,"1":4},"b":{},"_coverageSchema":"1a1c01bbd47fc00a2c39e90264f33305004495a9","hash":"188fbc52fa8159bf06754d8582171a58f5bee982"}
,"D:\\school\\se2_year4\\SQA\\temp\\ecomAPI\\src\\models\\typeship.js": {"path":"D:\\school\\se2_year4\\SQA\\temp\\ecomAPI\\src\\models\\typeship.js","statementMap":{"0":{"start":{"line":4,"column":4},"end":{"line":4,"column":24}},"1":{"start":{"line":5,"column":0},"end":{"line":20,"column":2}},"2":{"start":{"line":9,"column":12},"end":{"line":9,"column":99}},"3":{"start":{"line":12,"column":4},"end":{"line":18,"column":7}},"4":{"start":{"line":19,"column":4},"end":{"line":19,"column":20}}},"fnMap":{"0":{"name":"(anonymous_0)","decl":{"start":{"line":5,"column":17},"end":{"line":5,"column":18}},"loc":{"start":{"line":5,"column":43},"end":{"line":20,"column":1}},"line":5},"1":{"name":"(anonymous_1)","decl":{"start":{"line":8,"column":8},"end":{"line":8,"column":9}},"loc":{"start":{"line":8,"column":33},"end":{"line":10,"column":9}},"line":8}},"branchMap":{},"s":{"0":4,"1":4,"2":4,"3":4,"4":4},"f":{"0":4,"1":4},"b":{},"_coverageSchema":"1a1c01bbd47fc00a2c39e90264f33305004495a9","hash":"06c1448448a2415e0ffeadffe05c51a5310a1c47"}
,"D:\\school\\se2_year4\\SQA\\temp\\ecomAPI\\src\\models\\typevoucher.js": {"path":"D:\\school\\se2_year4\\SQA\\temp\\ecomAPI\\src\\models\\typevoucher.js","statementMap":{"0":{"start":{"line":4,"column":4},"end":{"line":4,"column":24}},"1":{"start":{"line":5,"column":0},"end":{"line":27,"column":2}},"2":{"start":{"line":13,"column":12},"end":{"line":13,"column":122}},"3":{"start":{"line":14,"column":12},"end":{"line":14,"column":112}},"4":{"start":{"line":17,"column":4},"end":{"line":25,"column":7}},"5":{"start":{"line":26,"column":4},"end":{"line":26,"column":23}}},"fnMap":{"0":{"name":"(anonymous_0)","decl":{"start":{"line":5,"column":17},"end":{"line":5,"column":18}},"loc":{"start":{"line":5,"column":43},"end":{"line":27,"column":1}},"line":5},"1":{"name":"(anonymous_1)","decl":{"start":{"line":12,"column":8},"end":{"line":12,"column":9}},"loc":{"start":{"line":12,"column":33},"end":{"line":15,"column":9}},"line":12}},"branchMap":{},"s":{"0":4,"1":4,"2":4,"3":4,"4":4,"5":4},"f":{"0":4,"1":4},"b":{},"_coverageSchema":"1a1c01bbd47fc00a2c39e90264f33305004495a9","hash":"2a69d4b95fc25de76705626710b99532d6c72eec"}
,"D:\\school\\se2_year4\\SQA\\temp\\ecomAPI\\src\\models\\user.js": {"path":"D:\\school\\se2_year4\\SQA\\temp\\ecomAPI\\src\\models\\user.js","statementMap":{"0":{"start":{"line":2,"column":18},"end":{"line":2,"column":38}},"1":{"start":{"line":3,"column":0},"end":{"line":29,"column":2}},"2":{"start":{"line":6,"column":12},"end":{"line":6,"column":107}},"3":{"start":{"line":7,"column":12},"end":{"line":7,"column":103}},"4":{"start":{"line":10,"column":4},"end":{"line":27,"column":7}},"5":{"start":{"line":28,"column":4},"end":{"line":28,"column":16}}},"fnMap":{"0":{"name":"(anonymous_0)","decl":{"start":{"line":3,"column":17},"end":{"line":3,"column":18}},"loc":{"start":{"line":3,"column":43},"end":{"line":29,"column":1}},"line":3},"1":{"name":"(anonymous_1)","decl":{"start":{"line":5,"column":8},"end":{"line":5,"column":9}},"loc":{"start":{"line":5,"column":33},"end":{"line":8,"column":9}},"line":5}},"branchMap":{},"s":{"0":4,"1":4,"2":4,"3":4,"4":4,"5":4},"f":{"0":4,"1":4},"b":{},"_coverageSchema":"1a1c01bbd47fc00a2c39e90264f33305004495a9","hash":"46283d845d6d47a4d20dd8e071da84895e7b10b9"}
,"D:\\school\\se2_year4\\SQA\\temp\\ecomAPI\\src\\models\\voucher.js": {"path":"D:\\school\\se2_year4\\SQA\\temp\\ecomAPI\\src\\models\\voucher.js","statementMap":{"0":{"start":{"line":4,"column":4},"end":{"line":4,"column":24}},"1":{"start":{"line":5,"column":0},"end":{"line":28,"column":2}},"2":{"start":{"line":13,"column":12},"end":{"line":13,"column":131}},"3":{"start":{"line":14,"column":12},"end":{"line":14,"column":96}},"4":{"start":{"line":17,"column":4},"end":{"line":26,"column":7}},"5":{"start":{"line":27,"column":4},"end":{"line":27,"column":19}}},"fnMap":{"0":{"name":"(anonymous_0)","decl":{"start":{"line":5,"column":17},"end":{"line":5,"column":18}},"loc":{"start":{"line":5,"column":43},"end":{"line":28,"column":1}},"line":5},"1":{"name":"(anonymous_1)","decl":{"start":{"line":12,"column":8},"end":{"line":12,"column":9}},"loc":{"start":{"line":12,"column":33},"end":{"line":15,"column":9}},"line":12}},"branchMap":{},"s":{"0":4,"1":4,"2":4,"3":4,"4":4,"5":4},"f":{"0":4,"1":4},"b":{},"_coverageSchema":"1a1c01bbd47fc00a2c39e90264f33305004495a9","hash":"91917f2093d1b9fd2b681ae955541f5a5b30e994"}
,"D:\\school\\se2_year4\\SQA\\temp\\ecomAPI\\src\\models\\voucherused.js": {"path":"D:\\school\\se2_year4\\SQA\\temp\\ecomAPI\\src\\models\\voucherused.js","statementMap":{"0":{"start":{"line":4,"column":4},"end":{"line":4,"column":24}},"1":{"start":{"line":5,"column":0},"end":{"line":23,"column":2}},"2":{"start":{"line":14,"column":4},"end":{"line":21,"column":7}},"3":{"start":{"line":22,"column":4},"end":{"line":22,"column":23}}},"fnMap":{"0":{"name":"(anonymous_0)","decl":{"start":{"line":5,"column":17},"end":{"line":5,"column":18}},"loc":{"start":{"line":5,"column":43},"end":{"line":23,"column":1}},"line":5},"1":{"name":"(anonymous_1)","decl":{"start":{"line":8,"column":8},"end":{"line":8,"column":9}},"loc":{"start":{"line":8,"column":33},"end":{"line":10,"column":9}},"line":8}},"branchMap":{},"s":{"0":4,"1":4,"2":4,"3":4},"f":{"0":4,"1":4},"b":{},"_coverageSchema":"1a1c01bbd47fc00a2c39e90264f33305004495a9","hash":"114cae85242c365ba4b5e1f6c74c57e9ed08e087"}
,"D:\\school\\se2_year4\\SQA\\temp\\ecomAPI\\src\\services\\receiptService.js": {"path":"D:\\school\\se2_year4\\SQA\\temp\\ecomAPI\\src\\services\\receiptService.js","statementMap":{"0":{"start":{"line":2,"column":0},"end":{"line":2,"column":27}},"1":{"start":{"line":3,"column":15},"end":{"line":3,"column":35}},"2":{"start":{"line":4,"column":23},"end":{"line":39,"column":1}},"3":{"start":{"line":5,"column":4},"end":{"line":38,"column":6}},"4":{"start":{"line":6,"column":8},"end":{"line":37,"column":9}},"5":{"start":{"line":7,"column":12},"end":{"line":34,"column":13}},"6":{"start":{"line":10,"column":16},"end":{"line":13,"column":18}},"7":{"start":{"line":16,"column":30},"end":{"line":20,"column":18}},"8":{"start":{"line":21,"column":16},"end":{"line":29,"column":17}},"9":{"start":{"line":22,"column":20},"end":{"line":28,"column":21}},"10":{"start":{"line":30,"column":16},"end":{"line":33,"column":18}},"11":{"start":{"line":36,"column":12},"end":{"line":36,"column":25}},"12":{"start":{"line":40,"column":29},"end":{"line":68,"column":1}},"13":{"start":{"line":41,"column":4},"end":{"line":67,"column":6}},"14":{"start":{"line":42,"column":8},"end":{"line":66,"column":9}},"15":{"start":{"line":43,"column":12},"end":{"line":63,"column":13}},"16":{"start":{"line":46,"column":16},"end":{"line":49,"column":18}},"17":{"start":{"line":51,"column":16},"end":{"line":57,"column":17}},"18":{"start":{"line":59,"column":16},"end":{"line":62,"column":18}},"19":{"start":{"line":65,"column":12},"end":{"line":65,"column":25}},"20":{"start":{"line":69,"column":27},"end":{"line":113,"column":1}},"21":{"start":{"line":70,"column":4},"end":{"line":112,"column":6}},"22":{"start":{"line":71,"column":8},"end":{"line":111,"column":9}},"23":{"start":{"line":72,"column":12},"end":{"line":108,"column":13}},"24":{"start":{"line":73,"column":16},"end":{"line":76,"column":18}},"25":{"start":{"line":79,"column":26},"end":{"line":82,"column":18}},"26":{"start":{"line":83,"column":16},"end":{"line":83,"column":96}},"27":{"start":{"line":84,"column":16},"end":{"line":101,"column":17}},"28":{"start":{"line":85,"column":20},"end":{"line":100,"column":21}},"29":{"start":{"line":85,"column":33},"end":{"line":85,"column":34}},"30":{"start":{"line":87,"column":48},"end":{"line":95,"column":26}},"31":{"start":{"line":96,"column":24},"end":{"line":96,"column":86}},"32":{"start":{"line":97,"column":24},"end":{"line":97,"column":149}},"33":{"start":{"line":98,"column":24},"end":{"line":98,"column":152}},"34":{"start":{"line":104,"column":16},"end":{"line":107,"column":18}},"35":{"start":{"line":110,"column":12},"end":{"line":110,"column":25}},"36":{"start":{"line":114,"column":20},"end":{"line":138,"column":1}},"37":{"start":{"line":115,"column":4},"end":{"line":137,"column":6}},"38":{"start":{"line":116,"column":8},"end":{"line":136,"column":9}},"39":{"start":{"line":117,"column":31},"end":{"line":117,"column":33}},"40":{"start":{"line":118,"column":12},"end":{"line":121,"column":13}},"41":{"start":{"line":119,"column":16},"end":{"line":119,"column":48}},"42":{"start":{"line":120,"column":16},"end":{"line":120,"column":50}},"43":{"start":{"line":124,"column":22},"end":{"line":124,"column":68}},"44":{"start":{"line":125,"column":12},"end":{"line":128,"column":13}},"45":{"start":{"line":125,"column":25},"end":{"line":125,"column":26}},"46":{"start":{"line":126,"column":16},"end":{"line":126,"column":99}},"47":{"start":{"line":127,"column":16},"end":{"line":127,"column":111}},"48":{"start":{"line":129,"column":12},"end":{"line":133,"column":14}},"49":{"start":{"line":135,"column":12},"end":{"line":135,"column":25}},"50":{"start":{"line":139,"column":20},"end":{"line":167,"column":1}},"51":{"start":{"line":140,"column":4},"end":{"line":166,"column":6}},"52":{"start":{"line":141,"column":8},"end":{"line":165,"column":9}},"53":{"start":{"line":142,"column":12},"end":{"line":161,"column":13}},"54":{"start":{"line":143,"column":16},"end":{"line":146,"column":18}},"55":{"start":{"line":148,"column":30},"end":{"line":151,"column":18}},"56":{"start":{"line":152,"column":16},"end":{"line":160,"column":17}},"57":{"start":{"line":154,"column":20},"end":{"line":154,"column":57}},"58":{"start":{"line":155,"column":20},"end":{"line":155,"column":40}},"59":{"start":{"line":156,"column":20},"end":{"line":159,"column":22}},"60":{"start":{"line":164,"column":12},"end":{"line":164,"column":25}},"61":{"start":{"line":168,"column":20},"end":{"line":195,"column":1}},"62":{"start":{"line":169,"column":4},"end":{"line":194,"column":6}},"63":{"start":{"line":170,"column":8},"end":{"line":193,"column":9}},"64":{"start":{"line":171,"column":12},"end":{"line":189,"column":13}},"65":{"start":{"line":172,"column":16},"end":{"line":175,"column":18}},"66":{"start":{"line":177,"column":30},"end":{"line":179,"column":18}},"67":{"start":{"line":180,"column":16},"end":{"line":188,"column":17}},"68":{"start":{"line":181,"column":20},"end":{"line":183,"column":22}},"69":{"start":{"line":184,"column":20},"end":{"line":187,"column":22}},"70":{"start":{"line":192,"column":12},"end":{"line":192,"column":25}},"71":{"start":{"line":196,"column":0},"end":{"line":203,"column":1}}},"fnMap":{"0":{"name":"(anonymous_0)","decl":{"start":{"line":4,"column":23},"end":{"line":4,"column":24}},"loc":{"start":{"line":4,"column":33},"end":{"line":39,"column":1}},"line":4},"1":{"name":"(anonymous_1)","decl":{"start":{"line":5,"column":23},"end":{"line":5,"column":24}},"loc":{"start":{"line":5,"column":50},"end":{"line":38,"column":5}},"line":5},"2":{"name":"(anonymous_2)","decl":{"start":{"line":40,"column":29},"end":{"line":40,"column":30}},"loc":{"start":{"line":40,"column":39},"end":{"line":68,"column":1}},"line":40},"3":{"name":"(anonymous_3)","decl":{"start":{"line":41,"column":23},"end":{"line":41,"column":24}},"loc":{"start":{"line":41,"column":50},"end":{"line":67,"column":5}},"line":41},"4":{"name":"(anonymous_4)","decl":{"start":{"line":69,"column":27},"end":{"line":69,"column":28}},"loc":{"start":{"line":69,"column":35},"end":{"line":113,"column":1}},"line":69},"5":{"name":"(anonymous_5)","decl":{"start":{"line":70,"column":23},"end":{"line":70,"column":24}},"loc":{"start":{"line":70,"column":50},"end":{"line":112,"column":5}},"line":70},"6":{"name":"(anonymous_6)","decl":{"start":{"line":114,"column":20},"end":{"line":114,"column":21}},"loc":{"start":{"line":114,"column":30},"end":{"line":138,"column":1}},"line":114},"7":{"name":"(anonymous_7)","decl":{"start":{"line":115,"column":23},"end":{"line":115,"column":24}},"loc":{"start":{"line":115,"column":50},"end":{"line":137,"column":5}},"line":115},"8":{"name":"(anonymous_8)","decl":{"start":{"line":139,"column":20},"end":{"line":139,"column":21}},"loc":{"start":{"line":139,"column":30},"end":{"line":167,"column":1}},"line":139},"9":{"name":"(anonymous_9)","decl":{"start":{"line":140,"column":23},"end":{"line":140,"column":24}},"loc":{"start":{"line":140,"column":50},"end":{"line":166,"column":5}},"line":140},"10":{"name":"(anonymous_10)","decl":{"start":{"line":168,"column":20},"end":{"line":168,"column":21}},"loc":{"start":{"line":168,"column":30},"end":{"line":195,"column":1}},"line":168},"11":{"name":"(anonymous_11)","decl":{"start":{"line":169,"column":23},"end":{"line":169,"column":24}},"loc":{"start":{"line":169,"column":50},"end":{"line":194,"column":5}},"line":169}},"branchMap":{"0":{"loc":{"start":{"line":7,"column":12},"end":{"line":34,"column":13}},"type":"if","locations":[{"start":{"line":7,"column":12},"end":{"line":34,"column":13}},{"start":{"line":14,"column":19},"end":{"line":34,"column":13}}],"line":7},"1":{"loc":{"start":{"line":7,"column":16},"end":{"line":8,"column":30}},"type":"binary-expr","locations":[{"start":{"line":7,"column":16},"end":{"line":7,"column":28}},{"start":{"line":7,"column":32},"end":{"line":7,"column":48}},{"start":{"line":7,"column":52},"end":{"line":7,"column":77}},{"start":{"line":7,"column":81},"end":{"line":7,"column":95}},{"start":{"line":8,"column":19},"end":{"line":8,"column":30}}],"line":7},"2":{"loc":{"start":{"line":21,"column":16},"end":{"line":29,"column":17}},"type":"if","locations":[{"start":{"line":21,"column":16},"end":{"line":29,"column":17}},{"start":{},"end":{}}],"line":21},"3":{"loc":{"start":{"line":43,"column":12},"end":{"line":63,"column":13}},"type":"if","locations":[{"start":{"line":43,"column":12},"end":{"line":63,"column":13}},{"start":{"line":50,"column":19},"end":{"line":63,"column":13}}],"line":43},"4":{"loc":{"start":{"line":43,"column":16},"end":{"line":44,"column":30}},"type":"binary-expr","locations":[{"start":{"line":43,"column":16},"end":{"line":43,"column":31}},{"start":{"line":43,"column":35},"end":{"line":43,"column":60}},{"start":{"line":43,"column":64},"end":{"line":43,"column":78}},{"start":{"line":44,"column":19},"end":{"line":44,"column":30}}],"line":43},"5":{"loc":{"start":{"line":72,"column":12},"end":{"line":108,"column":13}},"type":"if","locations":[{"start":{"line":72,"column":12},"end":{"line":108,"column":13}},{"start":{"line":77,"column":19},"end":{"line":108,"column":13}}],"line":72},"6":{"loc":{"start":{"line":84,"column":16},"end":{"line":101,"column":17}},"type":"if","locations":[{"start":{"line":84,"column":16},"end":{"line":101,"column":17}},{"start":{},"end":{}}],"line":84},"7":{"loc":{"start":{"line":84,"column":20},"end":{"line":84,"column":69}},"type":"binary-expr","locations":[{"start":{"line":84,"column":20},"end":{"line":84,"column":37}},{"start":{"line":84,"column":41},"end":{"line":84,"column":69}}],"line":84},"8":{"loc":{"start":{"line":118,"column":12},"end":{"line":121,"column":13}},"type":"if","locations":[{"start":{"line":118,"column":12},"end":{"line":121,"column":13}},{"start":{},"end":{}}],"line":118},"9":{"loc":{"start":{"line":118,"column":16},"end":{"line":118,"column":41}},"type":"binary-expr","locations":[{"start":{"line":118,"column":16},"end":{"line":118,"column":26}},{"start":{"line":118,"column":30},"end":{"line":118,"column":41}}],"line":118},"10":{"loc":{"start":{"line":142,"column":12},"end":{"line":161,"column":13}},"type":"if","locations":[{"start":{"line":142,"column":12},"end":{"line":161,"column":13}},{"start":{"line":147,"column":19},"end":{"line":161,"column":13}}],"line":142},"11":{"loc":{"start":{"line":142,"column":16},"end":{"line":142,"column":58}},"type":"binary-expr","locations":[{"start":{"line":142,"column":16},"end":{"line":142,"column":24}},{"start":{"line":142,"column":28},"end":{"line":142,"column":38}},{"start":{"line":142,"column":42},"end":{"line":142,"column":58}}],"line":142},"12":{"loc":{"start":{"line":152,"column":16},"end":{"line":160,"column":17}},"type":"if","locations":[{"start":{"line":152,"column":16},"end":{"line":160,"column":17}},{"start":{},"end":{}}],"line":152},"13":{"loc":{"start":{"line":171,"column":12},"end":{"line":189,"column":13}},"type":"if","locations":[{"start":{"line":171,"column":12},"end":{"line":189,"column":13}},{"start":{"line":176,"column":19},"end":{"line":189,"column":13}}],"line":171},"14":{"loc":{"start":{"line":180,"column":16},"end":{"line":188,"column":17}},"type":"if","locations":[{"start":{"line":180,"column":16},"end":{"line":188,"column":17}},{"start":{},"end":{}}],"line":180}},"s":{"0":2,"1":2,"2":2,"3":2,"4":2,"5":2,"6":1,"7":1,"8":1,"9":1,"10":1,"11":0,"12":2,"13":2,"14":2,"15":2,"16":1,"17":1,"18":1,"19":0,"20":2,"21":2,"22":2,"23":2,"24":1,"25":1,"26":1,"27":1,"28":1,"29":1,"30":1,"31":1,"32":1,"33":1,"34":1,"35":0,"36":2,"37":1,"38":1,"39":1,"40":1,"41":0,"42":0,"43":1,"44":1,"45":1,"46":1,"47":1,"48":1,"49":0,"50":2,"51":2,"52":2,"53":2,"54":1,"55":1,"56":1,"57":1,"58":1,"59":1,"60":0,"61":2,"62":2,"63":2,"64":2,"65":1,"66":1,"67":1,"68":1,"69":1,"70":0,"71":2},"f":{"0":2,"1":2,"2":2,"3":2,"4":2,"5":2,"6":1,"7":1,"8":2,"9":2,"10":2,"11":2},"b":{"0":[1,1],"1":[2,2,1,1,1],"2":[1,0],"3":[1,1],"4":[2,2,1,1],"5":[1,1],"6":[1,0],"7":[1,1],"8":[0,1],"9":[1,1],"10":[1,1],"11":[2,2,1],"12":[1,0],"13":[1,1],"14":[1,0]},"_coverageSchema":"1a1c01bbd47fc00a2c39e90264f33305004495a9","hash":"3ca95f3d2174d15fa36e0d0d78429187ed11a501"}
,"D:\\school\\se2_year4\\SQA\\temp\\ecomAPI\\src\\services\\supplierService.js": {"path":"D:\\school\\se2_year4\\SQA\\temp\\ecomAPI\\src\\services\\supplierService.js","statementMap":{"0":{"start":{"line":2,"column":0},"end":{"line":2,"column":27}},"1":{"start":{"line":3,"column":15},"end":{"line":3,"column":35}},"2":{"start":{"line":6,"column":24},"end":{"line":30,"column":1}},"3":{"start":{"line":7,"column":4},"end":{"line":29,"column":6}},"4":{"start":{"line":8,"column":8},"end":{"line":28,"column":9}},"5":{"start":{"line":9,"column":12},"end":{"line":25,"column":13}},"6":{"start":{"line":10,"column":16},"end":{"line":13,"column":18}},"7":{"start":{"line":15,"column":16},"end":{"line":20,"column":18}},"8":{"start":{"line":21,"column":16},"end":{"line":24,"column":18}},"9":{"start":{"line":27,"column":12},"end":{"line":27,"column":25}},"10":{"start":{"line":31,"column":28},"end":{"line":56,"column":1}},"11":{"start":{"line":32,"column":4},"end":{"line":55,"column":6}},"12":{"start":{"line":33,"column":8},"end":{"line":54,"column":9}},"13":{"start":{"line":34,"column":12},"end":{"line":51,"column":13}},"14":{"start":{"line":35,"column":16},"end":{"line":38,"column":18}},"15":{"start":{"line":41,"column":26},"end":{"line":44,"column":18}},"16":{"start":{"line":47,"column":16},"end":{"line":50,"column":18}},"17":{"start":{"line":53,"column":12},"end":{"line":53,"column":25}},"18":{"start":{"line":57,"column":21},"end":{"line":76,"column":1}},"19":{"start":{"line":58,"column":4},"end":{"line":75,"column":6}},"20":{"start":{"line":59,"column":8},"end":{"line":74,"column":9}},"21":{"start":{"line":60,"column":31},"end":{"line":60,"column":33}},"22":{"start":{"line":61,"column":12},"end":{"line":64,"column":13}},"23":{"start":{"line":62,"column":16},"end":{"line":62,"column":48}},"24":{"start":{"line":63,"column":16},"end":{"line":63,"column":50}},"25":{"start":{"line":65,"column":12},"end":{"line":65,"column":120}},"26":{"start":{"line":65,"column":35},"end":{"line":65,"column":120}},"27":{"start":{"line":66,"column":22},"end":{"line":66,"column":69}},"28":{"start":{"line":67,"column":12},"end":{"line":71,"column":14}},"29":{"start":{"line":73,"column":12},"end":{"line":73,"column":25}},"30":{"start":{"line":77,"column":21},"end":{"line":109,"column":1}},"31":{"start":{"line":78,"column":4},"end":{"line":108,"column":6}},"32":{"start":{"line":79,"column":8},"end":{"line":107,"column":9}},"33":{"start":{"line":80,"column":12},"end":{"line":103,"column":13}},"34":{"start":{"line":81,"column":16},"end":{"line":84,"column":18}},"35":{"start":{"line":86,"column":31},"end":{"line":89,"column":18}},"36":{"start":{"line":90,"column":16},"end":{"line":102,"column":17}},"37":{"start":{"line":91,"column":20},"end":{"line":91,"column":46}},"38":{"start":{"line":92,"column":20},"end":{"line":92,"column":52}},"39":{"start":{"line":93,"column":20},"end":{"line":93,"column":60}},"40":{"start":{"line":94,"column":20},"end":{"line":94,"column":48}},"41":{"start":{"line":97,"column":20},"end":{"line":97,"column":41}},"42":{"start":{"line":98,"column":20},"end":{"line":101,"column":22}},"43":{"start":{"line":106,"column":12},"end":{"line":106,"column":25}},"44":{"start":{"line":110,"column":21},"end":{"line":137,"column":1}},"45":{"start":{"line":111,"column":4},"end":{"line":136,"column":6}},"46":{"start":{"line":112,"column":8},"end":{"line":135,"column":9}},"47":{"start":{"line":113,"column":12},"end":{"line":131,"column":13}},"48":{"start":{"line":114,"column":16},"end":{"line":117,"column":18}},"49":{"start":{"line":119,"column":31},"end":{"line":121,"column":18}},"50":{"start":{"line":122,"column":16},"end":{"line":130,"column":17}},"51":{"start":{"line":123,"column":20},"end":{"line":125,"column":22}},"52":{"start":{"line":126,"column":20},"end":{"line":129,"column":22}},"53":{"start":{"line":134,"column":12},"end":{"line":134,"column":25}},"54":{"start":{"line":138,"column":0},"end":{"line":144,"column":1}}},"fnMap":{"0":{"name":"(anonymous_0)","decl":{"start":{"line":6,"column":24},"end":{"line":6,"column":25}},"loc":{"start":{"line":6,"column":34},"end":{"line":30,"column":1}},"line":6},"1":{"name":"(anonymous_1)","decl":{"start":{"line":7,"column":23},"end":{"line":7,"column":24}},"loc":{"start":{"line":7,"column":50},"end":{"line":29,"column":5}},"line":7},"2":{"name":"(anonymous_2)","decl":{"start":{"line":31,"column":28},"end":{"line":31,"column":29}},"loc":{"start":{"line":31,"column":36},"end":{"line":56,"column":1}},"line":31},"3":{"name":"(anonymous_3)","decl":{"start":{"line":32,"column":23},"end":{"line":32,"column":24}},"loc":{"start":{"line":32,"column":50},"end":{"line":55,"column":5}},"line":32},"4":{"name":"(anonymous_4)","decl":{"start":{"line":57,"column":21},"end":{"line":57,"column":22}},"loc":{"start":{"line":57,"column":31},"end":{"line":76,"column":1}},"line":57},"5":{"name":"(anonymous_5)","decl":{"start":{"line":58,"column":23},"end":{"line":58,"column":24}},"loc":{"start":{"line":58,"column":50},"end":{"line":75,"column":5}},"line":58},"6":{"name":"(anonymous_6)","decl":{"start":{"line":77,"column":21},"end":{"line":77,"column":22}},"loc":{"start":{"line":77,"column":31},"end":{"line":109,"column":1}},"line":77},"7":{"name":"(anonymous_7)","decl":{"start":{"line":78,"column":23},"end":{"line":78,"column":24}},"loc":{"start":{"line":78,"column":50},"end":{"line":108,"column":5}},"line":78},"8":{"name":"(anonymous_8)","decl":{"start":{"line":110,"column":21},"end":{"line":110,"column":22}},"loc":{"start":{"line":110,"column":31},"end":{"line":137,"column":1}},"line":110},"9":{"name":"(anonymous_9)","decl":{"start":{"line":111,"column":23},"end":{"line":111,"column":24}},"loc":{"start":{"line":111,"column":50},"end":{"line":136,"column":5}},"line":111}},"branchMap":{"0":{"loc":{"start":{"line":9,"column":12},"end":{"line":25,"column":13}},"type":"if","locations":[{"start":{"line":9,"column":12},"end":{"line":25,"column":13}},{"start":{"line":14,"column":19},"end":{"line":25,"column":13}}],"line":9},"1":{"loc":{"start":{"line":9,"column":16},"end":{"line":9,"column":79}},"type":"binary-expr","locations":[{"start":{"line":9,"column":16},"end":{"line":9,"column":26}},{"start":{"line":9,"column":30},"end":{"line":9,"column":43}},{"start":{"line":9,"column":47},"end":{"line":9,"column":64}},{"start":{"line":9,"column":68},"end":{"line":9,"column":79}}],"line":9},"2":{"loc":{"start":{"line":34,"column":12},"end":{"line":51,"column":13}},"type":"if","locations":[{"start":{"line":34,"column":12},"end":{"line":51,"column":13}},{"start":{"line":39,"column":19},"end":{"line":51,"column":13}}],"line":34},"3":{"loc":{"start":{"line":61,"column":12},"end":{"line":64,"column":13}},"type":"if","locations":[{"start":{"line":61,"column":12},"end":{"line":64,"column":13}},{"start":{},"end":{}}],"line":61},"4":{"loc":{"start":{"line":61,"column":16},"end":{"line":61,"column":41}},"type":"binary-expr","locations":[{"start":{"line":61,"column":16},"end":{"line":61,"column":26}},{"start":{"line":61,"column":30},"end":{"line":61,"column":41}}],"line":61},"5":{"loc":{"start":{"line":65,"column":12},"end":{"line":65,"column":120}},"type":"if","locations":[{"start":{"line":65,"column":12},"end":{"line":65,"column":120}},{"start":{},"end":{}}],"line":65},"6":{"loc":{"start":{"line":80,"column":12},"end":{"line":103,"column":13}},"type":"if","locations":[{"start":{"line":80,"column":12},"end":{"line":103,"column":13}},{"start":{"line":85,"column":19},"end":{"line":103,"column":13}}],"line":80},"7":{"loc":{"start":{"line":80,"column":16},"end":{"line":80,"column":90}},"type":"binary-expr","locations":[{"start":{"line":80,"column":16},"end":{"line":80,"column":24}},{"start":{"line":80,"column":27},"end":{"line":80,"column":37}},{"start":{"line":80,"column":41},"end":{"line":80,"column":54}},{"start":{"line":80,"column":58},"end":{"line":80,"column":75}},{"start":{"line":80,"column":79},"end":{"line":80,"column":90}}],"line":80},"8":{"loc":{"start":{"line":90,"column":16},"end":{"line":102,"column":17}},"type":"if","locations":[{"start":{"line":90,"column":16},"end":{"line":102,"column":17}},{"start":{},"end":{}}],"line":90},"9":{"loc":{"start":{"line":113,"column":12},"end":{"line":131,"column":13}},"type":"if","locations":[{"start":{"line":113,"column":12},"end":{"line":131,"column":13}},{"start":{"line":118,"column":19},"end":{"line":131,"column":13}}],"line":113},"10":{"loc":{"start":{"line":122,"column":16},"end":{"line":130,"column":17}},"type":"if","locations":[{"start":{"line":122,"column":16},"end":{"line":130,"column":17}},{"start":{},"end":{}}],"line":122}},"s":{"0":2,"1":2,"2":2,"3":2,"4":2,"5":2,"6":1,"7":1,"8":1,"9":0,"10":2,"11":2,"12":2,"13":2,"14":1,"15":1,"16":1,"17":0,"18":2,"19":1,"20":1,"21":1,"22":1,"23":0,"24":0,"25":1,"26":1,"27":1,"28":1,"29":0,"30":2,"31":1,"32":1,"33":1,"34":0,"35":1,"36":1,"37":1,"38":1,"39":1,"40":1,"41":1,"42":1,"43":0,"44":2,"45":1,"46":1,"47":1,"48":0,"49":1,"50":1,"51":1,"52":1,"53":0,"54":2},"f":{"0":2,"1":2,"2":2,"3":2,"4":1,"5":1,"6":1,"7":1,"8":1,"9":1},"b":{"0":[1,1],"1":[2,2,1,1],"2":[1,1],"3":[0,1],"4":[1,1],"5":[1,0],"6":[0,1],"7":[1,1,1,1,1],"8":[1,0],"9":[0,1],"10":[1,0]},"_coverageSchema":"1a1c01bbd47fc00a2c39e90264f33305004495a9","hash":"956ca58d55f3644d71c5eabc8e545c9bccdd4f94"}
}
