TN:
SF:src\controllers\receiptController.js
FN:3,(anonymous_0)
FN:15,(anonymous_1)
FN:27,(anonymous_2)
FN:39,(anonymous_3)
FN:51,(anonymous_4)
FN:63,(anonymous_5)
FNF:6
FNH:6
FNDA:2,(anonymous_0)
FNDA:2,(anonymous_1)
FNDA:2,(anonymous_2)
FNDA:2,(anonymous_3)
FNDA:2,(anonymous_4)
FNDA:2,(anonymous_5)
DA:3,1
DA:4,2
DA:5,2
DA:6,1
DA:8,1
DA:9,1
DA:15,1
DA:16,2
DA:17,2
DA:18,1
DA:20,1
DA:21,1
DA:27,1
DA:28,2
DA:29,2
DA:30,1
DA:32,1
DA:33,1
DA:39,1
DA:40,2
DA:41,2
DA:42,1
DA:44,1
DA:45,1
DA:51,1
DA:52,2
DA:53,2
DA:54,1
DA:56,1
DA:57,1
DA:63,1
DA:64,2
DA:65,2
DA:66,1
DA:68,1
DA:69,1
DA:75,1
LF:37
LH:37
BRF:0
BRH:0
end_of_record
TN:
SF:src\controllers\supplierController.js
FN:3,(anonymous_0)
FN:15,(anonymous_1)
FN:27,(anonymous_2)
FN:39,(anonymous_3)
FN:51,(anonymous_4)
FNF:5
FNH:5
FNDA:2,(anonymous_0)
FNDA:2,(anonymous_1)
FNDA:2,(anonymous_2)
FNDA:2,(anonymous_3)
FNDA:2,(anonymous_4)
DA:3,1
DA:4,2
DA:5,2
DA:6,1
DA:8,1
DA:9,1
DA:15,1
DA:16,2
DA:17,2
DA:18,1
DA:20,1
DA:21,1
DA:27,1
DA:28,2
DA:29,2
DA:30,1
DA:32,1
DA:33,1
DA:39,1
DA:40,2
DA:41,2
DA:42,1
DA:44,1
DA:45,1
DA:51,1
DA:52,2
DA:53,2
DA:54,1
DA:56,1
DA:57,1
DA:63,1
LF:31
LH:31
BRF:0
BRH:0
end_of_record
TN:
SF:src\models\AddressUser.js
FN:5,(anonymous_0)
FN:12,(anonymous_1)
FNF:2
FNH:2
FNDA:4,(anonymous_0)
FNDA:4,(anonymous_1)
DA:4,4
DA:5,4
DA:16,4
DA:26,4
LF:4
LH:4
BRF:0
BRH:0
end_of_record
TN:
SF:src\models\Message.js
FN:5,(anonymous_0)
FN:12,(anonymous_1)
FNF:2
FNH:2
FNDA:4,(anonymous_0)
FNDA:4,(anonymous_1)
DA:4,4
DA:5,4
DA:17,4
DA:27,4
LF:4
LH:4
BRF:0
BRH:0
end_of_record
TN:
SF:src\models\ProductDetail.js
FN:6,(anonymous_0)
FN:13,(anonymous_1)
FNF:2
FNH:2
FNDA:4,(anonymous_0)
FNDA:4,(anonymous_1)
DA:5,4
DA:6,4
DA:14,4
DA:15,4
DA:18,4
DA:28,4
LF:6
LH:6
BRF:0
BRH:0
end_of_record
TN:
SF:src\models\ProductImage.js
FN:6,(anonymous_0)
FN:13,(anonymous_1)
FNF:2
FNH:2
FNDA:4,(anonymous_0)
FNDA:4,(anonymous_1)
DA:5,4
DA:6,4
DA:14,4
DA:17,4
DA:25,4
LF:5
LH:5
BRF:0
BRH:0
end_of_record
TN:
SF:src\models\Receipt.js
FN:5,(anonymous_0)
FN:12,(anonymous_1)
FNF:2
FNH:2
FNDA:4,(anonymous_0)
FNDA:4,(anonymous_1)
DA:4,4
DA:5,4
DA:17,4
DA:25,4
LF:4
LH:4
BRF:0
BRH:0
end_of_record
TN:
SF:src\models\ReceiptDetail.js
FN:5,(anonymous_0)
FN:12,(anonymous_1)
FNF:2
FNH:2
FNDA:4,(anonymous_0)
FNDA:4,(anonymous_1)
DA:4,4
DA:5,4
DA:17,4
DA:26,4
LF:4
LH:4
BRF:0
BRH:0
end_of_record
TN:
SF:src\models\RoomMessage.js
FN:5,(anonymous_0)
FN:12,(anonymous_1)
FNF:2
FNH:2
FNDA:4,(anonymous_0)
FNDA:4,(anonymous_1)
DA:4,4
DA:5,4
DA:17,4
DA:24,4
LF:4
LH:4
BRF:0
BRH:0
end_of_record
TN:
SF:src\models\Supplier.js
FN:5,(anonymous_0)
FN:12,(anonymous_1)
FNF:2
FNH:2
FNDA:4,(anonymous_0)
FNDA:4,(anonymous_1)
DA:4,4
DA:5,4
DA:17,4
DA:26,4
LF:4
LH:4
BRF:0
BRH:0
end_of_record
TN:
SF:src\models\allcode.js
FN:5,(anonymous_0)
FN:12,(anonymous_1)
FNF:2
FNH:2
FNDA:4,(anonymous_0)
FNDA:4,(anonymous_1)
DA:4,4
DA:5,4
DA:13,4
DA:14,4
DA:15,4
DA:16,4
DA:17,4
DA:18,4
DA:19,4
DA:20,4
DA:21,4
DA:25,4
DA:33,4
LF:13
LH:13
BRF:0
BRH:0
end_of_record
TN:
SF:src\models\banner.js
FN:5,(anonymous_0)
FN:12,(anonymous_1)
FNF:2
FNH:2
FNDA:4,(anonymous_0)
FNDA:4,(anonymous_1)
DA:4,4
DA:5,4
DA:16,4
DA:25,4
LF:4
LH:4
BRF:0
BRH:0
end_of_record
TN:
SF:src\models\blog.js
FN:5,(anonymous_0)
FN:12,(anonymous_1)
FNF:2
FNH:2
FNDA:4,(anonymous_0)
FNDA:4,(anonymous_1)
DA:4,4
DA:5,4
DA:13,4
DA:16,4
DA:30,4
LF:5
LH:5
BRF:0
BRH:0
end_of_record
TN:
SF:src\models\comment.js
FN:3,(anonymous_0)
FN:5,(anonymous_1)
FNF:2
FNH:2
FNDA:4,(anonymous_0)
FNDA:4,(anonymous_1)
DA:2,4
DA:3,4
DA:9,4
DA:21,4
LF:4
LH:4
BRF:0
BRH:0
end_of_record
TN:
SF:src\models\index.js
FN:45,(anonymous_0)
FN:53,(anonymous_1)
FN:61,(anonymous_2)
FNF:3
FNH:3
FNDA:104,(anonymous_0)
FNDA:100,(anonymous_1)
FNDA:100,(anonymous_2)
DA:2,4
DA:3,4
DA:4,4
DA:5,4
DA:6,4
DA:7,4
DA:8,4
DA:9,4
DA:12,4
DA:31,4
DA:44,4
DA:46,104
DA:54,100
DA:58,100
DA:61,4
DA:62,100
DA:63,100
DA:67,4
DA:68,4
DA:70,4
LF:20
LH:20
BRDA:8,0,0,4
BRDA:8,0,1,0
BRDA:18,1,0,0
BRDA:18,1,1,4
BRDA:47,2,0,104
BRDA:47,2,1,104
BRDA:47,2,2,100
BRDA:47,2,3,100
BRDA:62,3,0,100
BRDA:62,3,1,0
BRF:10
BRH:7
end_of_record
TN:
SF:src\models\interaction.js
FN:4,(anonymous_0)
FN:6,(anonymous_1)
FNF:2
FNH:2
FNDA:4,(anonymous_0)
FNDA:4,(anonymous_1)
DA:2,4
DA:4,4
DA:7,4
DA:8,4
DA:10,4
DA:14,4
DA:52,4
LF:7
LH:7
BRF:0
BRH:0
end_of_record
TN:
SF:src\models\modelrun.js
FN:2,(anonymous_0)
FN:15,(anonymous_1)
FNF:2
FNH:2
FNDA:4,(anonymous_0)
FNDA:4,(anonymous_1)
DA:2,4
DA:3,4
DA:15,4
DA:16,4
DA:18,4
LF:5
LH:5
BRF:0
BRH:0
end_of_record
TN:
SF:src\models\orderdetail.js
FN:5,(anonymous_0)
FN:12,(anonymous_1)
FNF:2
FNH:2
FNDA:4,(anonymous_0)
FNDA:4,(anonymous_1)
DA:4,4
DA:5,4
DA:16,4
DA:25,4
LF:4
LH:4
BRF:0
BRH:0
end_of_record
TN:
SF:src\models\orderproduct.js
FN:5,(anonymous_0)
FN:12,(anonymous_1)
FNF:2
FNH:2
FNDA:4,(anonymous_0)
FNDA:4,(anonymous_1)
DA:4,4
DA:5,4
DA:13,4
DA:14,4
DA:15,4
DA:18,4
DA:32,4
LF:7
LH:7
BRF:0
BRH:0
end_of_record
TN:
SF:src\models\product.js
FN:6,(anonymous_0)
FN:9,(anonymous_1)
FNF:2
FNH:2
FNDA:4,(anonymous_0)
FNDA:4,(anonymous_1)
DA:5,4
DA:6,4
DA:10,4
DA:11,4
DA:12,4
DA:13,4
DA:16,4
DA:31,4
LF:8
LH:8
BRF:0
BRH:0
end_of_record
TN:
SF:src\models\productDetailSize.js
FN:6,(anonymous_0)
FN:8,(anonymous_1)
FNF:2
FNH:2
FNDA:4,(anonymous_0)
FNDA:4,(anonymous_1)
DA:5,4
DA:6,4
DA:9,4
DA:12,4
DA:23,4
LF:5
LH:5
BRF:0
BRH:0
end_of_record
TN:
SF:src\models\recommendation.js
FN:2,(anonymous_0)
FN:16,(anonymous_1)
FNF:2
FNH:2
FNDA:4,(anonymous_0)
FNDA:4,(anonymous_1)
DA:2,4
DA:3,4
DA:16,4
DA:17,4
DA:18,4
DA:20,4
LF:6
LH:6
BRF:0
BRH:0
end_of_record
TN:
SF:src\models\shopcart.js
FN:5,(anonymous_0)
FN:12,(anonymous_1)
FNF:2
FNH:2
FNDA:4,(anonymous_0)
FNDA:4,(anonymous_1)
DA:4,4
DA:5,4
DA:16,4
DA:25,4
LF:4
LH:4
BRF:0
BRH:0
end_of_record
TN:
SF:src\models\typeship.js
FN:5,(anonymous_0)
FN:8,(anonymous_1)
FNF:2
FNH:2
FNDA:4,(anonymous_0)
FNDA:4,(anonymous_1)
DA:4,4
DA:5,4
DA:9,4
DA:12,4
DA:19,4
LF:5
LH:5
BRF:0
BRH:0
end_of_record
TN:
SF:src\models\typevoucher.js
FN:5,(anonymous_0)
FN:12,(anonymous_1)
FNF:2
FNH:2
FNDA:4,(anonymous_0)
FNDA:4,(anonymous_1)
DA:4,4
DA:5,4
DA:13,4
DA:14,4
DA:17,4
DA:26,4
LF:6
LH:6
BRF:0
BRH:0
end_of_record
TN:
SF:src\models\user.js
FN:3,(anonymous_0)
FN:5,(anonymous_1)
FNF:2
FNH:2
FNDA:4,(anonymous_0)
FNDA:4,(anonymous_1)
DA:2,4
DA:3,4
DA:6,4
DA:7,4
DA:10,4
DA:28,4
LF:6
LH:6
BRF:0
BRH:0
end_of_record
TN:
SF:src\models\voucher.js
FN:5,(anonymous_0)
FN:12,(anonymous_1)
FNF:2
FNH:2
FNDA:4,(anonymous_0)
FNDA:4,(anonymous_1)
DA:4,4
DA:5,4
DA:13,4
DA:14,4
DA:17,4
DA:27,4
LF:6
LH:6
BRF:0
BRH:0
end_of_record
TN:
SF:src\models\voucherused.js
FN:5,(anonymous_0)
FN:8,(anonymous_1)
FNF:2
FNH:2
FNDA:4,(anonymous_0)
FNDA:4,(anonymous_1)
DA:4,4
DA:5,4
DA:14,4
DA:22,4
LF:4
LH:4
BRF:0
BRH:0
end_of_record
TN:
SF:src\services\receiptService.js
FN:4,(anonymous_0)
FN:5,(anonymous_1)
FN:40,(anonymous_2)
FN:41,(anonymous_3)
FN:69,(anonymous_4)
FN:70,(anonymous_5)
FN:114,(anonymous_6)
FN:115,(anonymous_7)
FN:139,(anonymous_8)
FN:140,(anonymous_9)
FN:168,(anonymous_10)
FN:169,(anonymous_11)
FNF:12
FNH:12
FNDA:2,(anonymous_0)
FNDA:2,(anonymous_1)
FNDA:2,(anonymous_2)
FNDA:2,(anonymous_3)
FNDA:2,(anonymous_4)
FNDA:2,(anonymous_5)
FNDA:1,(anonymous_6)
FNDA:1,(anonymous_7)
FNDA:2,(anonymous_8)
FNDA:2,(anonymous_9)
FNDA:2,(anonymous_10)
FNDA:2,(anonymous_11)
DA:2,2
DA:3,2
DA:4,2
DA:5,2
DA:6,2
DA:7,2
DA:10,1
DA:16,1
DA:21,1
DA:22,1
DA:30,1
DA:36,0
DA:40,2
DA:41,2
DA:42,2
DA:43,2
DA:46,1
DA:51,1
DA:59,1
DA:65,0
DA:69,2
DA:70,2
DA:71,2
DA:72,2
DA:73,1
DA:79,1
DA:83,1
DA:84,1
DA:85,1
DA:87,1
DA:96,1
DA:97,1
DA:98,1
DA:104,1
DA:110,0
DA:114,2
DA:115,1
DA:116,1
DA:117,1
DA:118,1
DA:119,0
DA:120,0
DA:124,1
DA:125,1
DA:126,1
DA:127,1
DA:129,1
DA:135,0
DA:139,2
DA:140,2
DA:141,2
DA:142,2
DA:143,1
DA:148,1
DA:152,1
DA:154,1
DA:155,1
DA:156,1
DA:164,0
DA:168,2
DA:169,2
DA:170,2
DA:171,2
DA:172,1
DA:177,1
DA:180,1
DA:181,1
DA:184,1
DA:192,0
DA:196,2
LF:70
LH:62
BRDA:7,0,0,1
BRDA:7,0,1,1
BRDA:7,1,0,2
BRDA:7,1,1,2
BRDA:7,1,2,1
BRDA:7,1,3,1
BRDA:7,1,4,1
BRDA:21,2,0,1
BRDA:21,2,1,0
BRDA:43,3,0,1
BRDA:43,3,1,1
BRDA:43,4,0,2
BRDA:43,4,1,2
BRDA:43,4,2,1
BRDA:43,4,3,1
BRDA:72,5,0,1
BRDA:72,5,1,1
BRDA:84,6,0,1
BRDA:84,6,1,0
BRDA:84,7,0,1
BRDA:84,7,1,1
BRDA:118,8,0,0
BRDA:118,8,1,1
BRDA:118,9,0,1
BRDA:118,9,1,1
BRDA:142,10,0,1
BRDA:142,10,1,1
BRDA:142,11,0,2
BRDA:142,11,1,2
BRDA:142,11,2,1
BRDA:152,12,0,1
BRDA:152,12,1,0
BRDA:171,13,0,1
BRDA:171,13,1,1
BRDA:180,14,0,1
BRDA:180,14,1,0
BRF:36
BRH:31
end_of_record
TN:
SF:src\services\supplierService.js
FN:6,(anonymous_0)
FN:7,(anonymous_1)
FN:31,(anonymous_2)
FN:32,(anonymous_3)
FN:57,(anonymous_4)
FN:58,(anonymous_5)
FN:77,(anonymous_6)
FN:78,(anonymous_7)
FN:110,(anonymous_8)
FN:111,(anonymous_9)
FNF:10
FNH:10
FNDA:2,(anonymous_0)
FNDA:2,(anonymous_1)
FNDA:2,(anonymous_2)
FNDA:2,(anonymous_3)
FNDA:1,(anonymous_4)
FNDA:1,(anonymous_5)
FNDA:1,(anonymous_6)
FNDA:1,(anonymous_7)
FNDA:1,(anonymous_8)
FNDA:1,(anonymous_9)
DA:2,2
DA:3,2
DA:6,2
DA:7,2
DA:8,2
DA:9,2
DA:10,1
DA:15,1
DA:21,1
DA:27,0
DA:31,2
DA:32,2
DA:33,2
DA:34,2
DA:35,1
DA:41,1
DA:47,1
DA:53,0
DA:57,2
DA:58,1
DA:59,1
DA:60,1
DA:61,1
DA:62,0
DA:63,0
DA:65,1
DA:66,1
DA:67,1
DA:73,0
DA:77,2
DA:78,1
DA:79,1
DA:80,1
DA:81,0
DA:86,1
DA:90,1
DA:91,1
DA:92,1
DA:93,1
DA:94,1
DA:97,1
DA:98,1
DA:106,0
DA:110,2
DA:111,1
DA:112,1
DA:113,1
DA:114,0
DA:119,1
DA:122,1
DA:123,1
DA:126,1
DA:134,0
DA:138,2
LF:54
LH:45
BRDA:9,0,0,1
BRDA:9,0,1,1
BRDA:9,1,0,2
BRDA:9,1,1,2
BRDA:9,1,2,1
BRDA:9,1,3,1
BRDA:34,2,0,1
BRDA:34,2,1,1
BRDA:61,3,0,0
BRDA:61,3,1,1
BRDA:61,4,0,1
BRDA:61,4,1,1
BRDA:65,5,0,1
BRDA:65,5,1,0
BRDA:80,6,0,0
BRDA:80,6,1,1
BRDA:80,7,0,1
BRDA:80,7,1,1
BRDA:80,7,2,1
BRDA:80,7,3,1
BRDA:80,7,4,1
BRDA:90,8,0,1
BRDA:90,8,1,0
BRDA:113,9,0,0
BRDA:113,9,1,1
BRDA:122,10,0,1
BRDA:122,10,1,0
BRF:27
BRH:21
end_of_record
